2015-11-19 17:38:39,204-[ERROR]  [DUBBO] Fail to start server(url: dubbo://192.168.10.27:30905/com.etong.dc.common.RepeatHelper?anyhost=true&application=yt-checkrepeat-server&channel.readonly.sent=true&cluster=failfast&codec=dubbo&dubbo=2.8.4&generic=false&heartbeat=60000&interface=com.etong.dc.common.RepeatHelper&methods=removeInfoRequest,addInfoRequest,checkRepeatInfo&pid=7900&revision=checkrepeat&side=provider&timeout=15000&timestamp=1447925918924) Failed to bind NettyServer on /192.168.10.27:30905, cause: Failed to bind to: /0.0.0.0:30905, dubbo version: 2.8.4, current host: 127.0.0.1
com.alibaba.dubbo.rpc.RpcException: Fail to start server(url: dubbo://192.168.10.27:30905/com.etong.dc.common.RepeatHelper?anyhost=true&application=yt-checkrepeat-server&channel.readonly.sent=true&cluster=failfast&codec=dubbo&dubbo=2.8.4&generic=false&heartbeat=60000&interface=com.etong.dc.common.RepeatHelper&methods=removeInfoRequest,addInfoRequest,checkRepeatInfo&pid=7900&revision=checkrepeat&side=provider&timeout=15000&timestamp=1447925918924) Failed to bind NettyServer on /192.168.10.27:30905, cause: Failed to bind to: /0.0.0.0:30905
	at com.alibaba.dubbo.rpc.protocol.dubbo.DubboProtocol.createServer(DubboProtocol.java:331)
	at com.alibaba.dubbo.rpc.protocol.dubbo.DubboProtocol.openServer(DubboProtocol.java:308)
	at com.alibaba.dubbo.rpc.protocol.dubbo.DubboProtocol.export(DubboProtocol.java:258)
	at com.alibaba.dubbo.rpc.protocol.ProtocolListenerWrapper.export(ProtocolListenerWrapper.java:56)
	at com.alibaba.dubbo.rpc.protocol.ProtocolFilterWrapper.export(ProtocolFilterWrapper.java:55)
	at com.alibaba.dubbo.rpc.Protocol$Adpative.export(Protocol$Adpative.java)
	at com.alibaba.dubbo.registry.integration.RegistryProtocol.doLocalExport(RegistryProtocol.java:153)
	at com.alibaba.dubbo.registry.integration.RegistryProtocol.export(RegistryProtocol.java:107)
	at com.alibaba.dubbo.rpc.protocol.ProtocolListenerWrapper.export(ProtocolListenerWrapper.java:54)
	at com.alibaba.dubbo.rpc.protocol.ProtocolFilterWrapper.export(ProtocolFilterWrapper.java:53)
	at com.alibaba.dubbo.rpc.Protocol$Adpative.export(Protocol$Adpative.java)
	at com.alibaba.dubbo.config.ServiceConfig.doExportUrlsFor1Protocol(ServiceConfig.java:489)
	at com.alibaba.dubbo.config.ServiceConfig.doExportUrls(ServiceConfig.java:285)
	at com.alibaba.dubbo.config.ServiceConfig.doExport(ServiceConfig.java:246)
	at com.alibaba.dubbo.config.ServiceConfig.export(ServiceConfig.java:145)
	at com.alibaba.dubbo.config.spring.ServiceBean.onApplicationEvent(ServiceBean.java:110)
	at org.springframework.context.event.SimpleApplicationEventMulticaster.multicastEvent(SimpleApplicationEventMulticaster.java:96)
	at org.springframework.context.support.AbstractApplicationContext.publishEvent(AbstractApplicationContext.java:334)
	at org.springframework.context.support.AbstractApplicationContext.finishRefresh(AbstractApplicationContext.java:948)
	at org.springframework.context.support.AbstractApplicationContext.refresh(AbstractApplicationContext.java:482)
	at org.springframework.context.support.FileSystemXmlApplicationContext.<init>(FileSystemXmlApplicationContext.java:140)
	at org.springframework.context.support.FileSystemXmlApplicationContext.<init>(FileSystemXmlApplicationContext.java:94)
	at com.etong.container.AuthContainer.start(AuthContainer.java:33)
	at com.alibaba.dubbo.container.Main.main(Main.java:80)
	at com.etong.dubbox.Launch.main(Launch.java:8)
Caused by: com.alibaba.dubbo.remoting.RemotingException: Failed to bind NettyServer on /192.168.10.27:30905, cause: Failed to bind to: /0.0.0.0:30905
	at com.alibaba.dubbo.remoting.transport.AbstractServer.<init>(AbstractServer.java:73)
	at com.alibaba.dubbo.remoting.transport.netty.NettyServer.<init>(NettyServer.java:63)
	at com.alibaba.dubbo.remoting.transport.netty.NettyTransporter.bind(NettyTransporter.java:33)
	at com.alibaba.dubbo.remoting.Transporter$Adpative.bind(Transporter$Adpative.java)
	at com.alibaba.dubbo.remoting.Transporters.bind(Transporters.java:48)
	at com.alibaba.dubbo.remoting.exchange.support.header.HeaderExchanger.bind(HeaderExchanger.java:41)
	at com.alibaba.dubbo.remoting.exchange.Exchangers.bind(Exchangers.java:63)
	at com.alibaba.dubbo.rpc.protocol.dubbo.DubboProtocol.createServer(DubboProtocol.java:329)
	... 24 more
Caused by: org.jboss.netty.channel.ChannelException: Failed to bind to: /0.0.0.0:30905
	at org.jboss.netty.bootstrap.ServerBootstrap.bind(ServerBootstrap.java:272)
	at com.alibaba.dubbo.remoting.transport.netty.NettyServer.doOpen(NettyServer.java:94)
	at com.alibaba.dubbo.remoting.transport.AbstractServer.<init>(AbstractServer.java:68)
	... 31 more
Caused by: java.net.BindException: Address already in use: bind
	at sun.nio.ch.Net.bind0(Native Method)
	at sun.nio.ch.Net.bind(Unknown Source)
	at sun.nio.ch.Net.bind(Unknown Source)
	at sun.nio.ch.ServerSocketChannelImpl.bind(Unknown Source)
	at sun.nio.ch.ServerSocketAdaptor.bind(Unknown Source)
	at org.jboss.netty.channel.socket.nio.NioServerBoss$RegisterTask.run(NioServerBoss.java:193)
	at org.jboss.netty.channel.socket.nio.AbstractNioSelector.processTaskQueue(AbstractNioSelector.java:366)
	at org.jboss.netty.channel.socket.nio.AbstractNioSelector.run(AbstractNioSelector.java:290)
	at org.jboss.netty.channel.socket.nio.NioServerBoss.run(NioServerBoss.java:42)
	at java.util.concurrent.ThreadPoolExecutor.runWorker(Unknown Source)
	at java.util.concurrent.ThreadPoolExecutor$Worker.run(Unknown Source)
	at java.lang.Thread.run(Unknown Source)
